<?xml version="1.0" encoding="UTF-8"?>
<!-- Generated by org.testng.reporters.JUnitXMLReporter -->
<testsuite ignored="0" hostname="DESKTOP-GNRAU10" failures="1" tests="1" name="chromeTest" time="15.603" errors="0" timestamp="2023-06-09T17:55:13 IST">
  <testcase classname="testCases.TC_001_AccountRegistrationTest" name="test_registrationaccount" time="3.928">
    <failure type="java.lang.AssertionError" message="expected [ registration completed] but found [Your registration completed]">
      <![CDATA[java.lang.AssertionError: expected [ registration completed] but found [Your registration completed]
at testCases.TC_001_AccountRegistrationTest.test_registrationaccount(TC_001_AccountRegistrationTest.java:36)
at java.base/java.util.ArrayList.forEach(ArrayList.java:1511)
at java.base/java.util.concurrent.FutureTask.run(FutureTask.java:317)
at java.base/java.util.concurrent.ThreadPoolExecutor.runWorker(ThreadPoolExecutor.java:1144)
at java.base/java.util.concurrent.ThreadPoolExecutor$Worker.run(ThreadPoolExecutor.java:642)
at java.base/java.lang.Thread.run(Thread.java:1589)
... Removed 22 stack frames]]>
    </failure>
  </testcase> <!-- test_registrationaccount -->
</testsuite> <!-- chromeTest -->
